2026-07-07 21:44:10.339 | INFO     | app:<module>:7 - Starting Sherlock Backend...
2026-07-07 21:44:59.167 | INFO     | app:<module>:7 - Starting Sherlock Backend...
2026-07-07 21:45:10.764 | INFO     | app:<module>:7 - Starting Sherlock Backend...
2026-07-07 21:45:22.598 | INFO     | app:<module>:7 - Starting Sherlock Backend...
2026-07-07 21:45:39.664 | INFO     | app:<module>:8 - Starting Sherlock Backend...
2026-07-07 21:45:52.911 | INFO     | app:<module>:8 - Starting Sherlock Backend...
2026-07-07 21:46:13.785 | INFO     | app:<module>:9 - Starting Sherlock Backend...
2026-07-07 21:46:23.387 | INFO     | app:<module>:9 - Starting Sherlock Backend...
2026-07-07 21:46:58.188 | INFO     | app:<module>:9 - Starting Sherlock Backend...
2026-07-07 21:48:02.243 | INFO     | app:<module>:9 - Starting Sherlock Backend...
2026-07-07 22:03:17.384 | INFO     | app:<module>:9 - Starting Sherlock Backend...
2026-07-07 22:03:30.306 | INFO     | app:root:37 - Root endpoint called
2026-07-07 22:10:33.625 | INFO     | app:<module>:9 - Starting Sherlock Backend...
2026-07-07 22:11:14.019 | INFO     | app:<module>:9 - Starting Sherlock Backend...
2026-07-07 22:12:09.214 | INFO     | app:<module>:9 - Starting Sherlock Backend...
2026-07-07 22:12:38.414 | INFO     | app:<module>:9 - Starting Sherlock Backend...
2026-07-07 22:12:44.673 | INFO     | app:<module>:9 - Starting Sherlock Backend...
2026-07-07 22:13:05.216 | INFO     | app:<module>:9 - Starting Sherlock Backend...
2026-07-07 22:13:13.123 | INFO     | app:<module>:9 - Starting Sherlock Backend...
2026-07-07 22:14:21.212 | INFO     | app:<module>:9 - Starting Sherlock Backend...
2026-07-07 22:41:20.054 | INFO     | app:<module>:10 - Starting Sherlock Backend...
2026-07-07 22:49:17.469 | INFO     | app:<module>:10 - Starting Sherlock Backend...
2026-07-07 22:49:43.926 | INFO     | app:<module>:10 - Starting Sherlock Backend...
2026-07-07 22:49:48.331 | INFO     | app:<module>:10 - Starting Sherlock Backend...
2026-07-07 22:50:04.035 | INFO     | app:<module>:10 - Starting Sherlock Backend...
2026-07-07 22:50:10.034 | INFO     | app:<module>:10 - Starting Sherlock Backend...
2026-07-07 22:50:11.858 | INFO     | app:<module>:10 - Starting Sherlock Backend...
2026-07-07 23:17:34.623 | INFO     | app:<module>:11 - Starting Sherlock Backend...
2026-07-07 23:29:32.254 | INFO     | app:<module>:11 - Starting Sherlock Backend...
2026-07-07 23:29:38.637 | INFO     | app:<module>:11 - Starting Sherlock Backend...
2026-07-07 23:29:58.983 | INFO     | app:<module>:11 - Starting Sherlock Backend...
2026-07-07 23:30:07.506 | INFO     | app:<module>:11 - Starting Sherlock Backend...
2026-07-07 23:30:35.140 | INFO     | app:<module>:11 - Starting Sherlock Backend...
2026-07-07 23:30:42.206 | INFO     | app:<module>:11 - Starting Sherlock Backend...
2026-07-07 23:30:57.500 | INFO     | app:<module>:11 - Starting Sherlock Backend...
2026-07-07 23:31:04.465 | INFO     | app:<module>:11 - Starting Sherlock Backend...
2026-07-07 23:31:18.323 | INFO     | app:<module>:11 - Starting Sherlock Backend...
2026-07-07 23:31:26.391 | INFO     | app:<module>:11 - Starting Sherlock Backend...
2026-07-07 23:35:40.002 | INFO     | events.event_handlers:log_event:6 - EventType.CAMERA_OFF | participant_01
2026-07-07 23:39:52.897 | INFO     | events.event_handlers:log_event:6 - EventType.PARTICIPANT_JOINED | candidate_001
2026-07-07 23:39:52.898 | INFO     | events.event_handlers:log_event:6 - EventType.PARTICIPANT_JOINED | interviewer_001
2026-07-07 23:39:52.898 | INFO     | events.event_handlers:log_event:6 - EventType.PARTICIPANT_JOINED | interviewer_002
2026-07-07 23:39:52.898 | INFO     | events.event_handlers:log_event:6 - EventType.PARTICIPANT_JOINED | observer_001
2026-07-07 23:47:18.682 | INFO     | events.event_handlers:log_event:6 - EventType.PARTICIPANT_JOINED | candidate_001
2026-07-07 23:47:18.682 | INFO     | events.event_handlers:log_event:6 - EventType.PARTICIPANT_JOINED | interviewer_001
2026-07-07 23:47:18.682 | INFO     | events.event_handlers:log_event:6 - EventType.PARTICIPANT_JOINED | interviewer_002
2026-07-07 23:47:18.682 | INFO     | events.event_handlers:log_event:6 - EventType.PARTICIPANT_JOINED | observer_001
2026-07-07 23:52:58.422 | INFO     | events.event_handlers:log_event:6 - EventType.PARTICIPANT_JOINED | candidate_001
2026-07-07 23:52:58.422 | INFO     | events.event_handlers:log_event:6 - EventType.PARTICIPANT_JOINED | interviewer_001
2026-07-07 23:52:58.422 | INFO     | events.event_handlers:log_event:6 - EventType.PARTICIPANT_JOINED | interviewer_002
2026-07-07 23:52:58.422 | INFO     | events.event_handlers:log_event:6 - EventType.PARTICIPANT_JOINED | observer_001
2026-07-07 23:53:55.639 | INFO     | events.event_handlers:log_event:6 - EventType.PARTICIPANT_JOINED | candidate_001
2026-07-07 23:53:55.639 | INFO     | events.event_handlers:log_event:6 - EventType.PARTICIPANT_JOINED | interviewer_001
2026-07-07 23:53:55.639 | INFO     | events.event_handlers:log_event:6 - EventType.PARTICIPANT_JOINED | interviewer_002
2026-07-07 23:53:55.640 | INFO     | events.event_handlers:log_event:6 - EventType.PARTICIPANT_JOINED | observer_001
2026-07-07 23:56:07.118 | INFO     | events.event_handlers:log_event:6 - EventType.PARTICIPANT_JOINED | candidate_001
2026-07-07 23:56:07.118 | INFO     | events.event_handlers:log_event:6 - EventType.PARTICIPANT_JOINED | interviewer_001
2026-07-07 23:56:07.118 | INFO     | events.event_handlers:log_event:6 - EventType.PARTICIPANT_JOINED | interviewer_002
2026-07-07 23:56:07.118 | INFO     | events.event_handlers:log_event:6 - EventType.PARTICIPANT_JOINED | observer_001
2026-07-08 00:09:43.601 | INFO     | events.event_handlers:log_event:6 - EventType.PARTICIPANT_JOINED | candidate_001
2026-07-08 00:09:43.601 | INFO     | events.event_handlers:log_event:6 - EventType.PARTICIPANT_JOINED | interviewer_001
2026-07-08 00:09:43.601 | INFO     | events.event_handlers:log_event:6 - EventType.PARTICIPANT_JOINED | interviewer_002
2026-07-08 00:09:43.603 | INFO     | events.event_handlers:log_event:6 - EventType.PARTICIPANT_JOINED | observer_001
